[ 50%] [32mBuilding CXX object CMakeFiles/tuner.dir/src/hsv_sub.cpp.o[0m
[01m[K/home/odm0003/Documents/mech6970-softsys/jetracer_prj/jetracer_ws/src/jetracer/src/hsv_sub.cpp:[m[K In member function â€˜[01m[Kvoid ImageSubscriber::[01;32m[Ktopic_callback[m[K(sensor_msgs::msg::Image_<std::allocator<void> >::SharedPtr) const[m[Kâ€™:
[01m[K/home/odm0003/Documents/mech6970-softsys/jetracer_prj/jetracer_ws/src/jetracer/src/hsv_sub.cpp:63:48:[m[K [01;31m[Kerror: [m[Kâ€˜[01m[Kframe[m[Kâ€™ was not declared in this scope
   63 |         cv::setTrackbarMax("ROI X", "Sliders", [01;31m[Kframe[m[K.cols - 1);
      |                                                [01;31m[K^~~~~[m[K
gmake[2]: *** [CMakeFiles/tuner.dir/build.make:76: CMakeFiles/tuner.dir/src/hsv_sub.cpp.o] Error 1
gmake[1]: *** [CMakeFiles/Makefile2:137: CMakeFiles/tuner.dir/all] Error 2
gmake: *** [Makefile:146: all] Error 2
