[0.032s] Invoking command in '/home/odm0003/Documents/mech6970-softsys/jetracer_prj/jetracer_ws/build/jetracer': CMAKE_PREFIX_PATH=${CMAKE_PREFIX_PATH}:/opt/ros/jazzy DEBUGINFOD_URLS=https://debuginfod.ubuntu.com /usr/bin/cmake --build /home/odm0003/Documents/mech6970-softsys/jetracer_prj/jetracer_ws/build/jetracer -- -j2 -l2
[0.191s] [ 50%] [32mBuilding CXX object CMakeFiles/tuner.dir/src/hsv_sub.cpp.o[0m
[4.757s] [01m[K/home/odm0003/Documents/mech6970-softsys/jetracer_prj/jetracer_ws/src/jetracer/src/hsv_sub.cpp:[m[K In member function â€˜[01m[Kvoid ImageSubscriber::[01;32m[Ktopic_callback[m[K(sensor_msgs::msg::Image_<std::allocator<void> >::SharedPtr) const[m[Kâ€™:
[4.758s] [01m[K/home/odm0003/Documents/mech6970-softsys/jetracer_prj/jetracer_ws/src/jetracer/src/hsv_sub.cpp:63:48:[m[K [01;31m[Kerror: [m[Kâ€˜[01m[Kframe[m[Kâ€™ was not declared in this scope
[4.758s]    63 |         cv::setTrackbarMax("ROI X", "Sliders", [01;31m[Kframe[m[K.cols - 1);
[4.758s]       |                                                [01;31m[K^~~~~[m[K
[7.861s] gmake[2]: *** [CMakeFiles/tuner.dir/build.make:76: CMakeFiles/tuner.dir/src/hsv_sub.cpp.o] Error 1
[7.863s] gmake[1]: *** [CMakeFiles/Makefile2:137: CMakeFiles/tuner.dir/all] Error 2
[7.863s] gmake: *** [Makefile:146: all] Error 2
[7.865s] Invoked command in '/home/odm0003/Documents/mech6970-softsys/jetracer_prj/jetracer_ws/build/jetracer' returned '2': CMAKE_PREFIX_PATH=${CMAKE_PREFIX_PATH}:/opt/ros/jazzy DEBUGINFOD_URLS=https://debuginfod.ubuntu.com /usr/bin/cmake --build /home/odm0003/Documents/mech6970-softsys/jetracer_prj/jetracer_ws/build/jetracer -- -j2 -l2
